undefined : undefined
undefined : undefined
Place ID : app
Place ID : app
Place ID : app
Place ID : hjfjff
ChIJxxOJM0HQ20YRsXoR4Murs4Y : Nice place
ChIJc5ml4CLQ20YRa63BFav6bY4 : Cool Spa
ChIJGTfFi7zP20YRmBg28j_wfpc : Gallery U
ChIJC_VvJQPQ20YRpqybc6SyRpI : cat museum
ChIJC_VvJQPQ20YRpqybc6SyRpI : mkod
ChIJ_3Axzi3b20YRUpwJNCnPa7w : nice place
ChIJU3RuYunE20YRnXSNfkNsQvQ : Отличное место! Все было просто супер!
ChIJsy-y-9Xa20YRltDS4S2YU4Y : Nice place haha
ChIJYyPZGdvE20YReRrFPxBS0s8 : good
ChIJgRBslTPF20YRQv4MLqKB630 : Прекрасный кофе!
ChIJX_lzAdPE20YRZPI3SNO0zVs : caca
ChIJ6YIxEtzP20YRUTXTUJDf0ic : asdhasdhklashd
ChIJ6YIxEtzP20YRUTXTUJDf0ic : asdsadsad
ChIJC4ySucLP20YRyEcirH8DIZ8 : 1
ChIJC4ySucLP20YRyEcirH8DIZ8 : 1
ChIJlQQM1qLP20YRz0DqK1m5fHw : nuiasdfiohfjlsdih
ChIJlQQM1qLP20YRz0DqK1m5fHw : nuiasdfiohfjlsdih
ChIJQZaCgbvP20YR2_eG7_PZcwQ : dafhlkasf
ChIJC4ySucLP20YRyEcirH8DIZ8 : asdbjkasd
ChIJlQQM1qLP20YRz0DqK1m5fHw : asdsad
ChIJQZaCgbvP20YR2_eG7_PZcwQ : asdhsksad
ChIJlQQM1qLP20YRz0DqK1m5fHw : asdsad
ChIJQZaCgbvP20YR2_eG7_PZcwQ : asdhsksad
ChIJlQQM1qLP20YRz0DqK1m5fHw : asdsad
ChIJM9O-nL7E20YR99vanIT3ADk : Very good, 10 out of 10
ChIJr0yqgATQ20YRWmKdU1f-cz8 : Perfect!
ChIJ8SpPRabP20YRrCPDoMffu2M : ыапртаыдлопшжыов
ChIJC4ySucLP20YRyEcirH8DIZ8 : jkhkjhlk.
